#
# A fatal error has been detected by the Java Runtime Environment:
#
#  EXCEPTION_ACCESS_VIOLATION (0xc0000005) at pc=0x00007ffc5c46f1c1, pid=6804, tid=10800
#
# JRE version: Java(TM) SE Runtime Environment (26.0.1+8) (build 26.0.1+8-34)
# Java VM: Java HotSpot(TM) 64-Bit Server VM (26.0.1+8-34, mixed mode, sharing, tiered, compressed oops, compressed class ptrs, g1 gc, windows-amd64)
# Problematic frame:
# C  [awt.dll+0xdf1c1]
#
# No core dump will be written. Minidumps are not enabled by default on client versions of Windows
#
# If you would like to submit a bug report, please visit:
#   https://bugreport.java.com/bugreport/crash.jsp
# The crash happened outside the Java Virtual Machine in native code.
# See problematic frame for where to report the bug.
#

---------------  S U M M A R Y ------------

Command Line: -Dfile.encoding=UTF-8 --module-path=C:\Users\guebanget\Documents\NetBeansProjects\projectAkhir\build\classes projectakhir.pageLogin

Host: 13th Gen Intel(R) Core(TM) i7-13650HX, 3 cores, 4G,  Windows 10 , 64 bit Build 19041 (10.0.19041.2913)
Time: Sun Jun 28 06:46:20 2026 Pacific Daylight Time elapsed time: 21.425027 seconds (0d 0h 0m 21s)

---------------  T H R E A D  ---------------

Current thread (0x00000275ebe6ad70):  JavaThread "AWT-Windows" daemon [_thread_in_native, id=10800, stack(0x000000aa0bc00000,0x000000aa0bd00000) (1024K)]

Stack: [0x000000aa0bc00000,0x000000aa0bd00000],  sp=0x000000aa0bcfe7e0,  free space=1017k
Native frames: (J=compiled Java code, j=interpreted, Vv=VM code, C=native code)
C  [awt.dll+0xdf1c1]  (no source info available)
C  [awt.dll+0x98b0c]  (no source info available)
C  [awt.dll+0x98bb6]  (no source info available)
C  [awt.dll+0x95f1c]  (no source info available)
C  [awt.dll+0xe38cf]  (no source info available)
C  [awt.dll+0xb2fcd]  (no source info available)
C  [awt.dll+0x990f0]  (no source info available)
C  [USER32.dll+0xe858]  (no source info available)
C  [USER32.dll+0xe4ee]  (no source info available)
C  [awt.dll+0x16613]  (no source info available)
C  [COMCTL32.dll+0x89aba]  (no source info available)
C  [COMCTL32.dll+0x898b7]  (no source info available)
C  [USER32.dll+0xe858]  (no source info available)
C  [USER32.dll+0xe299]  (no source info available)
C  [awt.dll+0xd855e]  (no source info available)
C  [awt.dll+0xda482]  (no source info available)
C  0x00000275e00cd4f3  (no source info available)

The last pc belongs to native method entry point (kind = native) (printed below).
Java frames: (J=compiled Java code, j=interpreted, Vv=VM code)
j  sun.awt.windows.WToolkit.eventLoop()V+0 java.desktop@26.0.1
j  sun.awt.windows.WToolkit.run()V+56 java.desktop@26.0.1
j  java.lang.Thread.runWith(Ljava/lang/Object;Ljava/lang/Runnable;)V+5 java.base@26.0.1
j  java.lang.Thread.run()V+19 java.base@26.0.1
v  ~StubRoutines::Stub Generator call_stub_stub 0x00000275e00c18e2

siginfo: EXCEPTION_ACCESS_VIOLATION (0xc0000005), reading address 0xffffffffffffffff


Registers:
RAX=0x00baaaab00000001, RBX=0x00000275f03ff500, RCX=0x0000000000000000, RDX=0x0000000000000000
RSP=0x000000aa0bcfe7e0, RBP=0x000000aa0bcfe8f9, RSI=0x00000000310105b9, RDI=0x0000000000000000
R8 =0x0000000000000001, R9 =0x000000aa0bcfe8f9, R10=0x0000000000000000, R11=0x0000000000000246
R12=0x0000000000000000, R13=0x0000000000000001, R14=0x00000275f03d0d30, R15=0x0000000000000000
RIP=0x00007ffc5c46f1c1, EFLAGS=0x0000000000010246

XMM[0]=0x0000000000000000 0x0000000000000000
XMM[1]=0x0000000000000000 0x0000000000000000
XMM[2]=0x0000000000000000 0x0000000000000000
XMM[3]=0x0000000000000000 0x0000000000000000
XMM[4]=0x0000000000000000 0x0000000000000000
XMM[5]=0x0000000000000000 0x0000000000000000
XMM[6]=0x0000000000000000 0x0000000000000000
XMM[7]=0x0000000000000000 0x0000000000000000
XMM[8]=0x0000000000000000 0x0000000000000000
XMM[9]=0x0000000000000000 0x0000000000000000
XMM[10]=0x0000000000000000 0x0000000000000000
XMM[11]=0x0000000000000000 0x0000000000000000
XMM[12]=0x0000000000000000 0x0000000000000000
XMM[13]=0x0000000000000000 0x0000000000000000
XMM[14]=0x0000000000000000 0x0000000000000000
XMM[15]=0x0000000000000000 0x0000000000000000
  MXCSR=0x00001fa0


Register to memory mapping:

RAX=0x00baaaab00000001 is an unknown value
RBX=0x00000275f03ff500 points into unknown readable memory: 0x00000275f0406260 | 60 62 40 f0 75 02 00 00
RCX=0x0 is null
RDX=0x0 is null
RSP=0x000000aa0bcfe7e0 is pointing into the stack for thread: 0x00000275ebe6ad70
RBP=0x000000aa0bcfe8f9 is pointing into the stack for thread: 0x00000275ebe6ad70
RSI=0x00000000310105b9 is pointing into metadata
RDI=0x0 is null
R8 =0x0000000000000001 is an unknown value
R9 =0x000000aa0bcfe8f9 is pointing into the stack for thread: 0x00000275ebe6ad70
R10=0x0 is null
R11=0x0000000000000246 is an unknown value
R12=0x0 is null
R13=0x0000000000000001 is an unknown value
R14=0x00000275f03d0d30 points into unknown readable memory: 0x00007ffc5c49f930 | 30 f9 49 5c fc 7f 00 00
R15=0x0 is null

Top of Stack: (sp=0x000000aa0bcfe7e0)
0x000000aa0bcfe7e0:   00007ffc5c4cd838 00000000310105b9   8.L\.......1....
0x000000aa0bcfe7f0:   00000275f03d0d30 00000275ebe6b1a0   0.=.u.......u...
0x000000aa0bcfe800:   0000000000000000 00007ffc5c428b0c   ..........B\....
0x000000aa0bcfe810:   00000000310105b9 00000275f03d0d30   ...1....0.=.u...
0x000000aa0bcfe820:   00000275f03ff500 0000000000140334   ..?.u...4.......
0x000000aa0bcfe830:   00000275ebe6b1a0 00007ffc5c428bb6   ....u.....B\....
0x000000aa0bcfe840:   00000275f03d0dd0 0000000000000001   ..=.u...........
0x000000aa0bcfe850:   0000000000000000 00007ffc5c429090   ..........B\....
0x000000aa0bcfe860:   00000275ebe6b1a0 00007ffc5c425f1c   ....u...._B\....
0x000000aa0bcfe870:   00000275f03d0dd0 0000000000000000   ..=.u...........
0x000000aa0bcfe880:   0000000000000000 00007ffc00000000   ................
0x000000aa0bcfe890:   0000000000000000 00007ffc5c3a6613   .........f:\....
0x000000aa0bcfe8a0:   0000000000000000 000000aa0bcfebf0   ................
0x000000aa0bcfe8b0:   0000000000000310 0000000000000000   ................
0x000000aa0bcfe8c0:   0000000000000000 0000000000000000   ................
0x000000aa0bcfe8d0:   0000000000000000 00007ffc6fca9aba   ...........o....
0x000000aa0bcfe8e0:   00000275f03d0dd0 00000275ebe6b1a0   ..=.u.......u...
0x000000aa0bcfe8f0:   000000aa0bcfe9b0 00007ffc5cbd2410   .........$.\....
0x000000aa0bcfe900:   0000d1cbefc06e0e 0000000000000000   .n..............
0x000000aa0bcfe910:   000000aa00000001 0000000000000000   ................
0x000000aa0bcfe920:   0000000000000000 0000000000000310   ................
0x000000aa0bcfe930:   0000000000000000 0000000000000310   ................
0x000000aa0bcfe940:   0000000000000000 00000275f03d0d30   ........0.=.u...
0x000000aa0bcfe950:   00000275f03d0d30 00007ffc5c4738cf   0.=.u....8G\....
0x000000aa0bcfe960:   0000000000000001 0000000000000000   ................
0x000000aa0bcfe970:   0000000000140334 0000000000000000   4...............
0x000000aa0bcfe980:   0000000000000000 00007ffc5cbd10b7   ...........\....
0x000000aa0bcfe990:   0000000000000000 000000000000011a   ................
0x000000aa0bcfe9a0:   00000275ce1a8790 00007ffc87d6f9a7   ....u...........
0x000000aa0bcfe9b0:   0000000000000000 00007ffc89ce9993   ................
0x000000aa0bcfe9c0:   0000000000000000 00000000ffffffeb   ................
0x000000aa0bcfe9d0:   0000000000000000 0000d1cbefc06f1e   .........o......

Instructions: (pc=0x00007ffc5c46f1c1)
  0x00007ffc5c46f0c1:   83 ec 28 66 0f 6e c2 0f 5b c0 f3 0f 59 41 48 0f
  0x00007ffc5c46f0d1:   5a c8 f2 0f 10 05 5d 4b 03 00 f2 0f 5c 0d 65 4b
  0x00007ffc5c46f0e1:   01 00 66 0f 2f c1 76 0a b8 00 00 00 80 48 83 c4
  0x00007ffc5c46f0f1:   28 c3 66 0f 2f 0d d5 94 02 00 76 0a b8 ff ff ff
  0x00007ffc5c46f101:   7f 48 83 c4 28 c3 0f 28 c1 e8 8b 07 01 00 f2 0f
  0x00007ffc5c46f111:   2c c0 48 83 c4 28 c3 cc cc cc cc cc cc cc cc 48
  0x00007ffc5c46f121:   83 ec 28 66 0f 6e c2 0f 5b c0 f3 0f 59 41 4c 0f
  0x00007ffc5c46f131:   5a c8 f2 0f 10 05 fd 4a 03 00 f2 0f 5c 0d 05 4b
  0x00007ffc5c46f141:   01 00 66 0f 2f c1 76 0a b8 00 00 00 80 48 83 c4
  0x00007ffc5c46f151:   28 c3 66 0f 2f 0d 75 94 02 00 76 0a b8 ff ff ff
  0x00007ffc5c46f161:   7f 48 83 c4 28 c3 0f 28 c1 e8 2b 07 01 00 f2 0f
  0x00007ffc5c46f171:   2c c0 48 83 c4 28 c3 cc cc cc cc cc cc cc cc 48
  0x00007ffc5c46f181:   8b 49 08 48 85 c9 0f 85 33 78 fe ff 33 c0 c3 48
  0x00007ffc5c46f191:   89 5c 24 08 48 89 74 24 10 57 48 83 ec 20 8b fa
  0x00007ffc5c46f1a1:   48 8b f1 e8 37 92 f4 ff 48 8b d8 48 89 44 24 40
  0x00007ffc5c46f1b1:   41 b8 01 00 00 00 8b d7 48 8b c8 e8 8f 91 f4 ff
=>0x00007ffc5c46f1c1:   48 8b 48 08 48 85 c9 74 0d 48 8b d6 e8 ee 77 fe
  0x00007ffc5c46f1d1:   ff 48 8b f8 eb 02 33 ff 48 8b cb e8 bf 93 f4 ff
  0x00007ffc5c46f1e1:   90 48 8b c7 48 8b 5c 24 30 48 8b 74 24 38 48 83
  0x00007ffc5c46f1f1:   c4 20 5f c3 cc cc cc cc cc cc cc cc cc cc cc 48
  0x00007ffc5c46f201:   8b 01 89 10 c3 cc cc cc cc cc cc cc cc cc cc 40
  0x00007ffc5c46f211:   57 48 83 ec 40 48 83 79 38 00 48 8b f9 0f 84 b9
  0x00007ffc5c46f221:   01 00 00 48 8b 0d d5 ac 06 00 ba 02 00 01 00 48
  0x00007ffc5c46f231:   89 5c 24 58 48 89 74 24 68 e8 f0 ce 00 00 4c 8b
  0x00007ffc5c46f241:   05 02 b2 06 00 48 8b c8 48 8b 57 38 48 8b d8 4c
  0x00007ffc5c46f251:   8b 08 4d 8b 91 f8 02 00 00 41 ff d2 48 8b f0 48
  0x00007ffc5c46f261:   85 c0 0f 84 6a 01 00 00 48 8b 0b 48 8b d0 4c 8b
  0x00007ffc5c46f271:   05 c2 b1 06 00 4c 8b 89 00 01 00 00 48 8b cb 41
  0x00007ffc5c46f281:   ff d1 84 c0 0f 84 48 01 00 00 48 8b 03 48 8b d6
  0x00007ffc5c46f291:   48 8b 7f 08 48 8b cb 4c 8b 05 b1 b1 06 00 48 81
  0x00007ffc5c46f2a1:   c7 00 04 00 00 48 89 6c 24 60 4c 8b 88 f8 02 00
  0x00007ffc5c46f2b1:   00 4c 89 64 24 38 41 ff d1 48 8b 0b 48 8b d6 4c


Stack slot to memory mapping:

stack at sp + 0 slots: 0x00007ffc5c4cd838 awt.dll
stack at sp + 1 slots: 0x00000000310105b9 is pointing into metadata
stack at sp + 2 slots: 0x00000275f03d0d30 points into unknown readable memory: 0x00007ffc5c49f930 | 30 f9 49 5c fc 7f 00 00
stack at sp + 3 slots: 0x00000275ebe6b1a0 points into unknown readable memory: 0x00007ffc5d4084d0 | d0 84 40 5d fc 7f 00 00
stack at sp + 4 slots: 0x0 is null
stack at sp + 5 slots: 0x00007ffc5c428b0c awt.dll
stack at sp + 6 slots: 0x00000000310105b9 is pointing into metadata
stack at sp + 7 slots: 0x00000275f03d0d30 points into unknown readable memory: 0x00007ffc5c49f930 | 30 f9 49 5c fc 7f 00 00

Lock stack of current Java thread (top to bottom):

native method entry point (kind = native)  [0x00000275e00cd120, 0x00000275e00cdc10]  2800 bytes

Loading hsdis library failed, undisassembled code is shown in MachCode section
[MachCode]
  0x00000275e00cd120: 488b 4b08 | 0fb7 492e | 584c 8d74 | ccf8 6800 | 0000 0068 | 0000 0000 | 5055 488b | ec41 5548 
  0x00000275e00cd140: 8b43 084c | 8d68 3848 | 8b40 0868 | 0000 0000 | 5348 8b50 | 1848 8b52 | 7048 8b12 | 5248 8b53 
  0x00000275e00cd160: 1048 85d2 | 7407 4881 | c2d0 0000 | 0052 488b | 5010 5249 | 8bc6 482b | c548 c1e8 | 0350 6800 
  0x00000275e00cd180: 0000 0068 | f7ff ffff | 41c6 87ca | 0400 0001 | 488b 4310 | 4885 c074 | 208b 8890 | 0000 0083 
  0x00000275e00cd1a0: c102 8988 | 9000 0000 | 2388 a400 | 0000 0f84 | ad09 0000 | e9cf 0000 | 0048 8b43 | 1848 85c0 
  0x00000275e00cd1c0: 0f85 b000 | 0000 e805 | 0000 00e9 | 9900 0000 | 488b d348 | 8d44 2408 | 4c89 6dc0 | 498b cfc5 
  0x00000275e00cd1e0: f877 4989 | af20 0400 | 0049 8987 | 1004 0000 | 4883 ec20 | 40f6 c40f | 0f84 1900 | 0000 4883 
  0x00000275e00cd200: ec08 48b8 | 4074 b45c | fc7f 0000 | ffd0 4883 | c408 e90c | 0000 0048 | b840 74b4 | 5cfc 7f00 
  0x00000275e00cd220: 00ff d048 | 83c4 2049 | c787 1004 | 0000 0000 | 0000 49c7 | 8720 0400 | 0000 0000 | 0049 c787 
  0x00000275e00cd240: 1804 0000 | 0000 0000 | c5f8 7749 | 837f 0800 | 0f84 0500 | 0000 e985 | 45ff ff4c | 8b6d c04c 
  0x00000275e00cd260: 8b75 c84e | 8d74 f500 | c348 8b43 | 1848 85c0 | 0f84 1200 | 0000 8b48 | 0883 c102 | 8948 0823 
  0x00000275e00cd280: 482c 0f84 | d908 0000 | 493b a750 | 0500 000f | 8748 0000 | 0089 8424 | 00f0 ffff | 8984 2400 
  0x00000275e00cd2a0: e0ff ff89 | 8424 00d0 | ffff 8984 | 2400 c0ff | ff89 8424 | 00b0 ffff | 8984 2400 | a0ff ff89 
  0x00000275e00cd2c0: 8424 0090 | ffff 8984 | 2400 80ff | ff49 3ba7 | 4805 0000 | 7607 4989 | a750 0500 | 0041 c687 
  0x00000275e00cd2e0: ca04 0000 | 0048 8b5d | e84c 8b5b | 0845 0fb7 | 5b2e 41c1 | e303 492b | e348 83ec | 2048 83e4 
  0x00000275e00cd300: f04c 8b5b | 604d 85db | 0f85 ab00 | 0000 e805 | 0000 00e9 | 9900 0000 | 488b d348 | 8d44 2408 
  0x00000275e00cd320: 4c89 6dc0 | 498b cfc5 | f877 4989 | af20 0400 | 0049 8987 | 1004 0000 | 4883 ec20 | 40f6 c40f 
  0x00000275e00cd340: 0f84 1900 | 0000 4883 | ec08 48b8 | 009e b45c | fc7f 0000 | ffd0 4883 | c408 e90c | 0000 0048 
  0x00000275e00cd360: b800 9eb4 | 5cfc 7f00 | 00ff d048 | 83c4 2049 | c787 1004 | 0000 0000 | 0000 49c7 | 8720 0400 
  0x00000275e00cd380: 0000 0000 | 0049 c787 | 1804 0000 | 0000 0000 | c5f8 7749 | 837f 0800 | 0f84 0500 | 0000 e93d 
  0x00000275e00cd3a0: 44ff ff4c | 8b6d c04c | 8b75 c84e | 8d74 f500 | c348 8b5d | e84c 8b5b | 6041 ffd3 | 488b 5de8 
  0x00000275e00cd3c0: 4889 4518 | 440f b75b | 2c41 f6c3 | 080f 841b | 0000 004c | 8b5b 084d | 8b5b 084d | 8b5b 184d 
  0x00000275e00cd3e0: 8b5b 704d | 8b1b 4c89 | 5d10 488d | 5510 488b | 4358 49ba | 1050 f15c | fc7f 0000 | 493b c20f 
  0x00000275e00cd400: 85ab 0000 | 00e8 0500 | 0000 e999 | 0000 0048 | 8bd3 488d | 4424 084c | 896d c049 | 8bcf c5f8 
  0x00000275e00cd420: 7749 89af | 2004 0000 | 4989 8710 | 0400 0048 | 83ec 2040 | f6c4 0f0f | 8419 0000 | 0048 83ec 
  0x00000275e00cd440: 0848 b800 | 9eb4 5cfc | 7f00 00ff | d048 83c4 | 08e9 0c00 | 0000 48b8 | 009e b45c | fc7f 0000 
  0x00000275e00cd460: ffd0 4883 | c420 49c7 | 8710 0400 | 0000 0000 | 0049 c787 | 2004 0000 | 0000 0000 | 49c7 8718 
  0x00000275e00cd480: 0400 0000 | 0000 00c5 | f877 4983 | 7f08 000f | 8405 0000 | 00e9 4643 | ffff 4c8b | 6dc0 4c8b 
  0x00000275e00cd4a0: 75c8 4e8d | 74f5 00c3 | 488b 5de8 | 488b 4358 | 498d 8f30 | 0400 004c | 8d15 d500 | 0000 4d89 
  0x00000275e00cd4c0: 9718 0400 | 00c5 f877 | 4989 af20 | 0400 0049 | 89a7 1004 | 0000 41c7 | 87ac 0400 | 0004 0000 
  0x00000275e00cd4e0: 0049 3ba7 | a805 0000 | 7607 4989 | a7a8 0500 | 00ff d049 | 3ba7 a805 | 0000 720b | 49c7 87a8 
  0x00000275e00cd500: 0500 0000 | 0000 00c5 | f877 4883 | ec10 c5fb | 1104 2448 | 83ec 1048 | 8904 2448 | c744 2408 
  0x00000275e00cd520: 0000 0000 | 41c7 87ac | 0400 0005 | 0000 00f0 | 8344 24c0 | 0049 3b6f | 280f 870e | 0000 0041 
  0x00000275e00cd540: 83bf a804 | 0000 000f | 8420 0000 | 0049 8bcf | 4c8b e448 | 83ec 2048 | 83e4 f048 | b850 06b6 
  0x00000275e00cd560: 5cfc 7f00 | 00ff d049 | 8be4 4d33 | e441 c787 | ac04 0000 | 0800 0000 | 4d8b 97c0 | 0500 0049 
  0x00000275e00cd580: 83fa 0074 | 3549 c787 | c005 0000 | 0000 0000 | 41ff e249 | ba60 c10c | e075 0200 | 0041 ffd2 
  0x00000275e00cd5a0: 4883 ec10 | c5fb 1104 | 2448 83ec | 1048 8904 | 2448 c744 | 2408 0000 | 0000 49c7 | 8710 0400 
  0x00000275e00cd5c0: 0000 0000 | 0049 c787 | 2004 0000 | 0000 0000 | 49c7 8718 | 0400 0000 | 0000 00c5 | f877 4d8b 
  0x00000275e00cd5e0: 9f90 0400 | 0041 c783 | 0001 0000 | 0000 0000 | 49bb 5aaa | 0ce0 7502 | 0000 4c3b | 5d18 0f85 
  0x00000275e00cd600: 5001 0000 | 488b 0424 | 4883 c410 | 4885 c00f | 842a 0100 | 00a8 030f | 8508 0000 | 0048 8b00 
  0x00000275e00cd620: e91a 0100 | 00a8 010f | 8509 0000 | 0048 8b40 | fee9 0901 | 0000 488b | 40ff 4180 | 7f48 000f 
  0x00000275e00cd640: 84fa 0000 | 0048 85c0 | 0f84 f100 | 0000 4d8b | 5f38 4d85 | db74 1449 | 83eb 084d | 895f 384d 
  0x00000275e00cd660: 035f 4049 | 8903 e9d4 | 0000 0048 | 83ec 7048 | 8904 2448 | 894c 2408 | 4889 5424 | 104c 8944 
  0x00000275e00cd680: 2418 4c89 | 4c24 204c | 8954 2428 | 4c89 5c24 | 30c5 fb11 | 4424 40c5 | fb11 4c24 | 48c5 fb11 
  0x00000275e00cd6a0: 5424 50c5 | fb11 5c24 | 58c5 fb11 | 6424 60c5 | fb11 6c24 | 6849 8bd7 | 488b c848 | 83ec 2040 
  0x00000275e00cd6c0: f6c4 0f0f | 8419 0000 | 0048 83ec | 0848 b880 | ada8 5cfc | 7f00 00ff | d048 83c4 | 08e9 0c00 
  0x00000275e00cd6e0: 0000 48b8 | 80ad a85c | fc7f 0000 | ffd0 4883 | c420 c5fb | 106c 2468 | c5fb 1064 | 2460 c5fb 
  0x00000275e00cd700: 105c 2458 | c5fb 1054 | 2450 c5fb | 104c 2448 | c5fb 1044 | 2440 4c8b | 5c24 304c | 8b54 2428 
  0x00000275e00cd720: 4c8b 4c24 | 204c 8b44 | 2418 488b | 5424 1048 | 8b4c 2408 | 488b 0424 | 4883 c470 | c5f8 7748 
  0x00000275e00cd740: 8945 1048 | 83ec 1048 | 8904 2448 | c744 2408 | 0000 0000 | 4183 bf30 | 0500 0002 | 0f85 bf00 
  0x00000275e00cd760: 0000 4881 | ec80 0000 | 0048 8944 | 2478 4889 | 4c24 7048 | 8954 2468 | 4889 5c24 | 6048 896c 
  0x00000275e00cd780: 2450 4889 | 7424 4848 | 897c 2440 | 4c89 4424 | 384c 894c | 2430 4c89 | 5424 284c | 895c 2420 
  0x00000275e00cd7a0: 4c89 6424 | 184c 896c | 2410 4c89 | 7424 084c | 893c 244c | 8be4 4883 | ec20 4883 | e4f0 48b8 
  0x00000275e00cd7c0: 9037 f15c | fc7f 0000 | ffd0 498b | e44c 8b3c | 244c 8b74 | 2408 4c8b | 6c24 104c | 8b64 2418 
  0x00000275e00cd7e0: 4c8b 5c24 | 204c 8b54 | 2428 4c8b | 4c24 304c | 8b44 2438 | 488b 7c24 | 4048 8b74 | 2448 488b 
  0x00000275e00cd800: 6c24 5048 | 8b5c 2460 | 488b 5424 | 6848 8b4c | 2470 488b | 4424 7848 | 81c4 8000 | 0000 4d33 
  0x00000275e00cd820: e448 8b5d | e84c 8b6b | 084d 8d6d | 3849 837f | 0800 0f84 | bb00 0000 | e805 0000 | 00e9 9600 
  0x00000275e00cd840: 0000 488d | 4424 084c | 896d c049 | 8bcf c5f8 | 7749 89af | 2004 0000 | 4989 8710 | 0400 0048 
  0x00000275e00cd860: 83ec 2040 | f6c4 0f0f | 8419 0000 | 0048 83ec | 0848 b830 | bcb4 5cfc | 7f00 00ff | d048 83c4 
  0x00000275e00cd880: 08e9 0c00 | 0000 48b8 | 30bc b45c | fc7f 0000 | ffd0 4883 | c420 49c7 | 8710 0400 | 0000 0000 
  0x00000275e00cd8a0: 0049 c787 | 2004 0000 | 0000 0000 | 49c7 8718 | 0400 0000 | 0000 00c5 | f877 4983 | 7f08 000f 
  0x00000275e00cd8c0: 8405 0000 | 00e9 163f | ffff 4c8b | 6dc0 4c8b | 75c8 4e8d | 74f5 00c3 | 48b9 3872 | 1c5d fc7f 
  0x00000275e00cd8e0: 0000 4883 | e4f0 48b8 | 30e5 dd5c | fc7f 0000 | ffd0 f444 | 0fb7 5b2c | 41f6 c320 | 0f84 7201 
  0x00000275e00cd900: 0000 488d | 55a8 4c8b | 5a08 4d85 | db0f 85bb | 0000 00e8 | 0500 0000 | e996 0000 | 0048 8d44 
  0x00000275e00cd920: 2408 4c89 | 6dc0 498b | cfc5 f877 | 4989 af20 | 0400 0049 | 8987 1004 | 0000 4883 | ec20 40f6 
  0x00000275e00cd940: c40f 0f84 | 1900 0000 | 4883 ec08 | 48b8 60bb | b45c fc7f | 0000 ffd0 | 4883 c408 | e90c 0000 
  0x00000275e00cd960: 0048 b860 | bbb4 5cfc | 7f00 00ff | d048 83c4 | 2049 c787 | 1004 0000 | 0000 0000 | 49c7 8720 
  0x00000275e00cd980: 0400 0000 | 0000 0049 | c787 1804 | 0000 0000 | 0000 c5f8 | 7749 837f | 0800 0f84 | 0500 0000 
  0x00000275e00cd9a0: e93b 3eff | ff4c 8b6d | c04c 8b75 | c84e 8d74 | f500 c348 | b938 721c | 5dfc 7f00 | 0048 83e4 
  0x00000275e00cd9c0: f048 b830 | e5dd 5cfc | 7f00 00ff | d0f4 4c89 | 6dc0 4c8b | 4a08 48c7 | 4208 0000 | 0000 458b 
  0x00000275e00cd9e0: 87c8 0600 | 004f 3b4c | 07f8 0f85 | 4200 0000 | 4183 afc8 | 0600 0008 | 4f3b 4c07 | f00f 842a 
  0x00000275e00cda00: 0000 0049 | 8b01 a802 | 0f85 1200 | 0000 4c8b | c049 83c8 | 01f0 4d0f | b101 0f84 | 0d00 0000 
  0x00000275e00cda20: 4183 87c8 | 0600 0008 | e905 0000 | 00e9 3e00 | 0000 4c89 | 4a08 488b | ca48 83ec | 2040 f6c4 
  0x00000275e00cda40: 0f0f 8419 | 0000 0048 | 83ec 0848 | b890 8db4 | 5cfc 7f00 | 00ff d048 | 83c4 08e9 | 0c00 0000 
  0x00000275e00cda60: 48b8 908d | b45c fc7f | 0000 ffd0 | 4883 c420 | 4c8b 6dc0 | 41c6 877e | 0300 0001 | 493b 6f28 
  0x00000275e00cda80: 0f87 0500 | 0000 e9ab | 0000 0048 | 83ec 10c5 | fb11 0424 | 4883 ec10 | 4889 0424 | 48c7 4424 
  0x00000275e00cdaa0: 0800 0000 | 00c5 f877 | 4989 af20 | 0400 0049 | baa5 da0c | e075 0200 | 004d 8997 | 1804 0000 
  0x00000275e00cdac0: 4989 a710 | 0400 0049 | 8bcf 4883 | ec20 40f6 | c40f 0f84 | 1900 0000 | 4883 ec08 | 48b8 d073 
  0x00000275e00cdae0: b45c fc7f | 0000 ffd0 | 4883 c408 | e90c 0000 | 0048 b8d0 | 73b4 5cfc | 7f00 00ff | d048 83c4 
  0x00000275e00cdb00: 2049 c787 | 1004 0000 | 0000 0000 | 49c7 8720 | 0400 0000 | 0000 0049 | c787 1804 | 0000 0000 
  0x00000275e00cdb20: 0000 c5f8 | 7748 8b04 | 2448 83c4 | 10c5 fb10 | 0424 4883 | c410 488b | 0424 4883 | c410 c5fb 
  0x00000275e00cdb40: 1004 2448 | 83c4 104c | 8b5d 1841 | ffd3 4c8b | 5df8 c941 | c687 7e03 | 0000 005f | 498b e3ff 
  0x00000275e00cdb60: e7ba 0000 | 0000 e805 | 0000 00e9 | 9600 0000 | 488d 4424 | 084c 896d | c049 8bcf | c5f8 7749 
  0x00000275e00cdb80: 89af 2004 | 0000 4989 | 8710 0400 | 0048 83ec | 2040 f6c4 | 0f0f 8419 | 0000 0048 | 83ec 0848 
  0x00000275e00cdba0: b890 83b4 | 5cfc 7f00 | 00ff d048 | 83c4 08e9 | 0c00 0000 | 48b8 9083 | b45c fc7f | 0000 ffd0 
  0x00000275e00cdbc0: 4883 c420 | 49c7 8710 | 0400 0000 | 0000 0049 | c787 2004 | 0000 0000 | 0000 49c7 | 8718 0400 
  0x00000275e00cdbe0: 0000 0000 | 00c5 f877 | 4983 7f08 | 000f 8405 | 0000 00e9 | e83b ffff | 4c8b 6dc0 | 4c8b 75c8 
  0x00000275e00cdc00: 4e8d 74f5 | 00c3 488b | 5de8 e979 | f6ff ff90 
[/MachCode]

---------------  P R O C E S S  ---------------

Threads class SMR info:
_java_thread_list=0x00000275f03d8970, length=15, elements={
0x00000275cff9b550, 0x00000275cff9c3a0, 0x00000275eb89cf70, 0x00000275eb89eb30,
0x00000275eb8a9b90, 0x00000275eb8ab680, 0x00000275eb8b76c0, 0x00000275eb8c4310,
0x00000275eb987b60, 0x00000275ebbf3050, 0x00000275f0247cc0, 0x00000275f0248470,
0x00000275ebe6ad70, 0x00000275f03d7ba0, 0x00000275cdcfa0d0
}

Java Threads: ( => current thread )
  0x00000275cff9b550 JavaThread "Reference Handler"          daemon [_thread_blocked, id=5356, stack(0x000000aa0b000000,0x000000aa0b100000) (1024K)]
  0x00000275cff9c3a0 JavaThread "Finalizer"                  daemon [_thread_blocked, id=3380, stack(0x000000aa0b100000,0x000000aa0b200000) (1024K)]
  0x00000275eb89cf70 JavaThread "Signal Dispatcher"          daemon [_thread_blocked, id=6440, stack(0x000000aa0b200000,0x000000aa0b300000) (1024K)]
  0x00000275eb89eb30 JavaThread "Attach Listener"            daemon [_thread_blocked, id=8692, stack(0x000000aa0b300000,0x000000aa0b400000) (1024K)]
  0x00000275eb8a9b90 JavaThread "Service Thread"             daemon [_thread_blocked, id=2332, stack(0x000000aa0b400000,0x000000aa0b500000) (1024K)]
  0x00000275eb8ab680 JavaThread "Monitor Deflation Thread"   daemon [_thread_blocked, id=5032, stack(0x000000aa0b500000,0x000000aa0b600000) (1024K)]
  0x00000275eb8b76c0 JavaThread "C2 CompilerThread0"         daemon [_thread_blocked, id=1892, stack(0x000000aa0b600000,0x000000aa0b700000) (1024K)]
  0x00000275eb8c4310 JavaThread "C1 CompilerThread0"         daemon [_thread_blocked, id=3652, stack(0x000000aa0b700000,0x000000aa0b800000) (1024K)]
  0x00000275eb987b60 JavaThread "Common-Cleaner"             daemon [_thread_blocked, id=7164, stack(0x000000aa0b800000,0x000000aa0b900000) (1024K)]
  0x00000275ebbf3050 JavaThread "Notification Thread"        daemon [_thread_blocked, id=5084, stack(0x000000aa0b900000,0x000000aa0ba00000) (1024K)]
  0x00000275f0247cc0 JavaThread "Java2D Disposer"            daemon [_thread_blocked, id=4956, stack(0x000000aa0ba00000,0x000000aa0bb00000) (1024K)]
  0x00000275f0248470 JavaThread "AWT-Shutdown"                      [_thread_blocked, id=10696, stack(0x000000aa0bb00000,0x000000aa0bc00000) (1024K)]
=>0x00000275ebe6ad70 JavaThread "AWT-Windows"                daemon [_thread_in_native, id=10800, stack(0x000000aa0bc00000,0x000000aa0bd00000) (1024K)]
  0x00000275f03d7ba0 JavaThread "AWT-EventQueue-0"                  [_thread_in_native, id=3892, stack(0x000000aa0bf00000,0x000000aa0c000000) (1024K)]
  0x00000275cdcfa0d0 JavaThread "DestroyJavaVM"                     [_thread_blocked, id=10852, stack(0x000000aa0a700000,0x000000aa0a800000) (1024K)]
Total: 15

Other Threads:
  0x00000275cff8e430 VMThread "VM Thread"                           [id=9308, stack(0x000000aa0af00000,0x000000aa0b000000) (1024K)]
  0x00000275eb89cb70 WatcherThread "VM Periodic Task Thread"        [id=11020, stack(0x000000aa0ae00000,0x000000aa0af00000) (1024K)]
  0x00000275cfefa6c0 WorkerThread "GC Thread#0"                     [id=4496, stack(0x000000aa0a800000,0x000000aa0a900000) (1024K)]
  0x00000275f00307f0 WorkerThread "GC Thread#1"                     [id=6080, stack(0x000000aa0bd00000,0x000000aa0be00000) (1024K)]
  0x00000275ebc6cdc0 WorkerThread "GC Thread#2"                     [id=8140, stack(0x000000aa0be00000,0x000000aa0bf00000) (1024K)]
  0x00000275cff0a900 ConcurrentGCThread "G1 Main Marker"            [id=1896, stack(0x000000aa0a900000,0x000000aa0aa00000) (1024K)]
  0x00000275cff0d490 WorkerThread "G1 Conc#0"                       [id=5456, stack(0x000000aa0aa00000,0x000000aa0ab00000) (1024K)]
  0x00000275cff2b170 WorkerThread "G1 Refinement Workers#0"         [id=11100, stack(0x000000aa0ac00000,0x000000aa0ad00000) (1024K)]
  0x00000275cff2a5b0 ConcurrentGCThread "G1 Refine Control"         [id=8744, stack(0x000000aa0ab00000,0x000000aa0ac00000) (1024K)]
  0x00000275cff2be60 ConcurrentGCThread "G1 Service"                [id=11168, stack(0x000000aa0ad00000,0x000000aa0ae00000) (1024K)]
Total: 10

Threads with active compile tasks:
Total: 0

VM state: not at safepoint (normal execution)

VM Mutex/Monitor currently owned by a thread: None

Heap address: 0x00000000b0000000, size: 1280 MB, Compressed Oops mode: 32-bit

CDS archive(s) mapped at: [0x0000000011000000-0x0000000011de0000-0x0000000011de0000), size 14548992, SharedBaseAddress: 0x0000000011000000, ArchiveRelocationMode: 1.
Compressed class space mapped at: 0x0000000012000000-0x0000000052000000, reserved size: 1073741824
UseCompressedClassPointers 1, UseCompactObjectHeaders 0
Narrow klass pointer bits 32, Max shift 3
Narrow klass base: 0x0000000011000000, Narrow klass shift: 0
Encoding Range: [0x0000000011000000 - 0x0000000111000000), (4294967296 bytes)
Klass Range:    [0x0000000011000000 - 0x0000000052000000), (1090519040 bytes)
Klass ID Range:  [8 - 1090519033) (1090519025)
Protection zone: [0x0000000011000000 - 0x0000000011010000), (65536 bytes)

GC Precious Log:
 CardTable entry size: 512
 Card Set container configuration: InlinePtr #cards 5 size 8 Array Of Cards #cards 10 size 36 Howl #buckets 4 coarsen threshold 1843 Howl Bitmap #cards 512 size 80 coarsen threshold 460 Card regions per heap region 1 cards per card region 2048
 CPUs: 3 total, 3 available
 Memory: 5115M
 Large Page Support: Disabled
 NUMA Support: Disabled
 Compressed Oops: Enabled (32-bit)
 Heap Region Size: 1M
 Heap Min Capacity: 8M
 Heap Initial Capacity: 8M
 Heap Max Capacity: 1280M
 Pre-touch: Disabled
 Parallel Workers: 3
 Concurrent Workers: 1
 Concurrent Refinement Workers: 3
 Periodic GC: Disabled

Heap:
 garbage-first heap   total reserved 1310720K, committed 10240K, used 2549K [0x00000000b0000000, 0x0000000100000000)
  region size 1M, 2 eden (2M), 1 survivor (1M), 3 old (3M), 0 humongous (0M), 4 free (4M)

Heap Regions: E=young(eden), S=young(survivor), O=old, HS=humongous(starts), HC=humongous(continues), CS=collection set, F=free, TAMS=top-at-mark-start, PB=parsable bottom
|    0|0x00000000b0000000, 0x00000000b00bf5c0, 0x00000000b0100000| 74%| O|  |TAMS 0x00000000b0000000| PB 0x00000000b0000000| Untracked |  0
|    1|0x00000000b0100000, 0x00000000b0100000, 0x00000000b0200000|  0%| F|  |TAMS 0x00000000b0100000| PB 0x00000000b0100000| Untracked |  0
|    2|0x00000000b0200000, 0x00000000b0200000, 0x00000000b0300000|  0%| F|  |TAMS 0x00000000b0200000| PB 0x00000000b0200000| Untracked |  0
|    3|0x00000000b0300000, 0x00000000b0300000, 0x00000000b0400000|  0%| F|  |TAMS 0x00000000b0300000| PB 0x00000000b0300000| Untracked |  0
|    4|0x00000000b0400000, 0x00000000b0495460, 0x00000000b0500000| 58%| S|CS|TAMS 0x00000000b0400000| PB 0x00000000b0400000| Complete  |  0
|    5|0x00000000b0500000, 0x00000000b0500000, 0x00000000b0600000|  0%| F|  |TAMS 0x00000000b0500000| PB 0x00000000b0500000| Untracked |  0
|    6|0x00000000b0600000, 0x00000000b06f3048, 0x00000000b0700000| 94%| E|CS|TAMS 0x00000000b0600000| PB 0x00000000b0600000| Complete  |  0
|    7|0x00000000b0700000, 0x00000000b0800000, 0x00000000b0800000|100%| E|CS|TAMS 0x00000000b0700000| PB 0x00000000b0700000| Complete  |  0
| 1278|0x00000000ffe00000, 0x00000000fff00000, 0x00000000fff00000|100%| O|  |TAMS 0x00000000ffe00000| PB 0x00000000ffe00000| Untracked |  0
| 1279|0x00000000fff00000, 0x00000000fff28d80, 0x0000000100000000| 15%| O|  |TAMS 0x00000000fff00000| PB 0x00000000fff00000| Untracked |  0

Card table byte_map: [0x00000275e7b90000,0x00000275e7e10000] _byte_map_base: 0x00000275e7610000
Refinement table byte_map: [0x00000275e7e10000,0x00000275e8090000] _byte_map_base: 0x00000275e7890000

Marking Bits: (CMBitMap*) 0x00000275cfefae40
 Bits: [0x00000275e8090000, 0x00000275e9490000)

Polling page: 0x00000275cdcc0000

Metaspace:
Metaspace        used 8200K, committed 8384K, reserved 1114112K
 class space     used 927K, committed 1024K, reserved 1048576K

Usage:
  Non-class:      7.10 MB used.
      Class:    927.66 KB used.
       Both:      8.01 MB used.

Virtual space:
  Non-class space:       64.00 MB reserved,       7.19 MB ( 11%) committed,  1 nodes.
      Class space:        1.00 GB reserved,       1.00 MB ( <1%) committed,  1 nodes.
             Both:        1.06 GB reserved,       8.19 MB ( <1%) committed. 

Chunk freelists:
   Non-Class:  8.49 MB
       Class:  15.00 MB
        Both:  23.49 MB

MaxMetaspaceSize: unlimited
CompressedClassSpaceSize: 1.00 GB
Initial GC threshold: 21.00 MB
Current GC threshold: 21.00 MB
CDS: on
 - commit_granule_bytes: 65536.
 - commit_granule_words: 8192.
 - virtual_space_node_default_size: 8388608.
 - enlarge_chunks_in_place: 1.
UseCompressedClassPointers 1, UseCompactObjectHeaders 0
Narrow klass pointer bits 32, Max shift 3
Narrow klass base: 0x0000000011000000, Narrow klass shift: 0
Encoding Range: [0x0000000011000000 - 0x0000000111000000), (4294967296 bytes)
Klass Range:    [0x0000000011000000 - 0x0000000052000000), (1090519040 bytes)
Klass ID Range:  [8 - 1090519033) (1090519025)
Protection zone: [0x0000000011000000 - 0x0000000011010000), (65536 bytes)


Internal statistics:

num_allocs_failed_limit: 0.
num_arena_births: 76.
num_arena_deaths: 0.
num_vsnodes_births: 2.
num_vsnodes_deaths: 0.
num_space_committed: 131.
num_space_uncommitted: 0.
num_chunks_returned_to_freelist: 0.
num_chunks_taken_from_freelist: 120.
num_chunk_merges: 0.
num_chunk_splits: 60.
num_chunks_enlarged: 12.
num_inconsistent_stats: 0.

CodeHeap 'non-profiled nmethods': size=120064Kb used=238Kb max_used=238Kb free=119825Kb
 bounds [0x00000275e0650000, 0x00000275e08c0000, 0x00000275e7b90000]
CodeHeap 'profiled nmethods': size=120064Kb used=1059Kb max_used=1059Kb free=119004Kb
 bounds [0x00000275d8b80000, 0x00000275d8df0000, 0x00000275e00c0000]
CodeHeap 'non-nmethods': size=5696Kb used=1498Kb max_used=1512Kb free=4197Kb
 bounds [0x00000275e00c0000, 0x00000275e0330000, 0x00000275e0650000]
CodeCache: size=245824Kb, used=2795Kb, max_used=2809Kb, free=243026Kb
 total_blobs=1485, nmethods=868, adapters=522, full_count=0
Compilation: enabled, stopped_count=0, restarted_count=0

Compilation events (20 events):
Event: 6.722 Thread 0x00000275eb8c4310  859       3       java.lang.classfile.constantpool.ConstantPoolBuilder::nameAndTypeEntry (21 bytes)
Event: 6.722 Thread 0x00000275eb8c4310 nmethod 859 0x00000275d8c84408 code [0x00000275d8c84500, 0x00000275d8c84860]
Event: 6.723 Thread 0x00000275eb8c4310  860       1       jdk.internal.classfile.impl.AbstractPoolEntry$FieldRefEntryImpl::tag (3 bytes)
Event: 6.723 Thread 0x00000275eb8c4310 nmethod 860 0x00000275e068b708 code [0x00000275e068b800, 0x00000275e068b8b8]
Event: 6.723 Thread 0x00000275eb8c4310  861       3       java.lang.classfile.constantpool.ConstantPoolBuilder::methodRefEntry (22 bytes)
Event: 6.723 Thread 0x00000275eb8c4310 nmethod 861 0x00000275d8c84888 code [0x00000275d8c84980, 0x00000275d8c84cf0]
Event: 6.723 Thread 0x00000275eb8c4310  862       3       jdk.internal.classfile.impl.SplitConstantPool::methodRefEntry (72 bytes)
Event: 6.723 Thread 0x00000275eb8c4310 nmethod 862 0x00000275d8c84d08 code [0x00000275d8c84e00, 0x00000275d8c863f0]
Event: 6.724 Thread 0x00000275eb8c4310  863       3       java.util.concurrent.locks.AbstractQueuedSynchronizer$ConditionObject::doSignal (62 bytes)
Event: 6.724 Thread 0x00000275eb8c4310 nmethod 863 0x00000275d8c86408 code [0x00000275d8c86500, 0x00000275d8c869a8]
Event: 6.732 Thread 0x00000275eb8c4310  864       3       java.beans.PropertyChangeSupport::firePropertyChange (35 bytes)
Event: 6.733 Thread 0x00000275eb8c4310 nmethod 864 0x00000275d8c86a08 code [0x00000275d8c86b00, 0x00000275d8c87218]
Event: 21.165 Thread 0x00000275eb8c4310  865   !   3       java.awt.Toolkit::setDesktopProperty (70 bytes)
Event: 21.166 Thread 0x00000275eb8c4310 nmethod 865 0x00000275d8c87288 code [0x00000275d8c87380, 0x00000275d8c87b68]
Event: 21.329 Thread 0x00000275eb8c4310  866       3       java.awt.EventQueue::uncacheEQItem (53 bytes)
Event: 21.330 Thread 0x00000275eb8c4310 nmethod 866 0x00000275d8c87b88 code [0x00000275d8c87c80, 0x00000275d8c882b0]
Event: 21.415 Thread 0x00000275eb8c4310  867       3       java.awt.Color::<init> (72 bytes)
Event: 21.415 Thread 0x00000275eb8c4310 nmethod 867 0x00000275d8c88308 code [0x00000275d8c88400, 0x00000275d8c88660]
Event: 21.415 Thread 0x00000275eb8c4310  868       3       java.awt.Color::testColorValueRange (121 bytes)
Event: 21.415 Thread 0x00000275eb8c4310 nmethod 868 0x00000275d8c88688 code [0x00000275d8c88780, 0x00000275d8c88d38]

GC Heap Usage History (4 events):
Event: 0.109 {heap Before GC invocations=0 (full 0):
 garbage-first heap   total reserved 1310720K, committed 10240K, used 5283K [0x00000000b0000000, 0x0000000100000000)
  region size 1M, 4 eden (4M), 0 survivor (0M), 2 old (2M), 0 humongous (0M), 4 free (4M)
}
Event: 0.110 {heap After GC invocations=1 (full 0):
 garbage-first heap   total reserved 1310720K, committed 10240K, used 1987K [0x00000000b0000000, 0x0000000100000000)
  region size 1M, 0 eden (0M), 1 survivor (1M), 2 old (2M), 0 humongous (0M), 7 free (7M)
}
Event: 0.170 {heap Before GC invocations=1 (full 0):
 garbage-first heap   total reserved 1310720K, committed 10240K, used 5059K [0x00000000b0000000, 0x0000000100000000)
  region size 1M, 3 eden (3M), 1 survivor (1M), 2 old (2M), 0 humongous (0M), 4 free (4M)
}
Event: 0.172 {heap After GC invocations=2 (full 0):
 garbage-first heap   total reserved 1310720K, committed 10240K, used 2549K [0x00000000b0000000, 0x0000000100000000)
  region size 1M, 0 eden (0M), 1 survivor (1M), 3 old (3M), 0 humongous (0M), 6 free (6M)
}

Metaspace Usage History (4 events):
Event: 0.109 {metaspace Before GC invocations=0 (full 0):
 Metaspace       used 3026K, committed 3200K, reserved 1114112K
  class space    used 271K, committed 384K, reserved 1048576K
}
Event: 0.110 {metaspace After GC invocations=1 (full 0):
 Metaspace       used 3026K, committed 3200K, reserved 1114112K
  class space    used 271K, committed 384K, reserved 1048576K
}
Event: 0.170 {metaspace Before GC invocations=1 (full 0):
 Metaspace       used 6090K, committed 6272K, reserved 1114112K
  class space    used 688K, committed 768K, reserved 1048576K
}
Event: 0.172 {metaspace After GC invocations=2 (full 0):
 Metaspace       used 6090K, committed 6272K, reserved 1114112K
  class space    used 688K, committed 768K, reserved 1048576K
}

Dll operation events (14 events):
Event: 0.005 Attempting to load shared library C:\Program Files\Java\jdk-26.0.1\bin\java.dll
Event: 0.008 Loaded shared library C:\Program Files\Java\jdk-26.0.1\bin\java.dll
Event: 0.045 Attempting to load shared library C:\Program Files\Java\jdk-26.0.1\bin\net.dll
Event: 0.045 Loaded shared library C:\Program Files\Java\jdk-26.0.1\bin\net.dll
Event: 0.045 Attempting to load shared library C:\Program Files\Java\jdk-26.0.1\bin\nio.dll
Event: 0.046 Loaded shared library C:\Program Files\Java\jdk-26.0.1\bin\nio.dll
Event: 0.057 Attempting to load shared library C:\Program Files\Java\jdk-26.0.1\bin\jimage.dll
Event: 0.057 Loaded shared library C:\Program Files\Java\jdk-26.0.1\bin\jimage.dll
Event: 0.061 Attempting to load shared library C:\Program Files\Java\jdk-26.0.1\bin\awt.dll
Event: 0.062 Loaded shared library C:\Program Files\Java\jdk-26.0.1\bin\awt.dll
Event: 0.128 Attempting to load shared library C:\Program Files\Java\jdk-26.0.1\bin\freetype.dll
Event: 0.128 Loaded shared library C:\Program Files\Java\jdk-26.0.1\bin\freetype.dll
Event: 0.128 Attempting to load shared library C:\Program Files\Java\jdk-26.0.1\bin\fontmanager.dll
Event: 0.128 Loaded shared library C:\Program Files\Java\jdk-26.0.1\bin\fontmanager.dll

Deoptimization events (8 events):
Event: 0.094 Thread 0x00000275cdcfa0d0 Uncommon trap: trap_request=0xffffff45 fr.pc=0x00000275e065f708 relative=0x0000000000000808
Event: 0.094 Thread 0x00000275cdcfa0d0 Uncommon trap: reason=unstable_if action=reinterpret pc=0x00000275e065f708 method=java.util.HashMap.putVal(ILjava/lang/Object;Ljava/lang/Object;ZZ)Ljava/lang/Object; @ 236 c2
Event: 0.094 Thread 0x00000275cdcfa0d0 DEOPT PACKING pc=0x00000275e065f708 sp=0x000000aa0a7fe170
Event: 0.094 Thread 0x00000275cdcfa0d0 DEOPT UNPACKING pc=0x00000275e01e1682 sp=0x000000aa0a7fe108 mode 2
Event: 0.188 Thread 0x00000275f03d7ba0 Uncommon trap: trap_request=0xffffff3d fr.pc=0x00000275e067d964 relative=0x00000000000005c4
Event: 0.188 Thread 0x00000275f03d7ba0 Uncommon trap: reason=unstable_fused_if action=reinterpret pc=0x00000275e067d964 method=java.util.HashMap.resize()[Ljava/util/HashMap$Node; @ 31 c2
Event: 0.188 Thread 0x00000275f03d7ba0 DEOPT PACKING pc=0x00000275e067d964 sp=0x000000aa0bffe790
Event: 0.188 Thread 0x00000275f03d7ba0 DEOPT UNPACKING pc=0x00000275e01e1682 sp=0x000000aa0bffe6d8 mode 2

Classes loaded (20 events):
Event: 0.650 Loading class java/awt/Cursor$CursorDisposer
Event: 0.650 Loading class java/awt/Cursor$CursorDisposer done
Event: 0.651 Loading class java/awt/event/MouseWheelEvent
Event: 0.651 Loading class java/awt/event/MouseWheelEvent done
Event: 3.989 Loading class sun/awt/DebugSettings
Event: 3.989 Loading class sun/awt/DebugSettings done
Event: 3.989 Loading class java/awt/event/ContainerEvent
Event: 3.989 Loading class java/awt/event/ContainerEvent done
Event: 3.989 Loading class javax/swing/JComponent$KeyboardState
Event: 3.989 Loading class javax/swing/JComponent$KeyboardState done
Event: 3.989 Loading class javax/swing/JComponent$IntVector
Event: 3.989 Loading class javax/swing/JComponent$IntVector done
Event: 3.989 Loading class javax/swing/KeyboardManager
Event: 3.990 Loading class javax/swing/KeyboardManager done
Event: 3.990 Loading class javax/swing/Popup$HeavyWeightWindow
Event: 3.990 Loading class sun/awt/ModalExclude
Event: 3.990 Loading class sun/awt/ModalExclude done
Event: 3.990 Loading class javax/swing/JWindow
Event: 3.990 Loading class javax/swing/JWindow done
Event: 3.990 Loading class javax/swing/Popup$HeavyWeightWindow done

Classes unloaded (0 events):
No events

Classes redefined (0 events):
No events

Internal exceptions (20 events):
Event: 0.159 Thread 0x00000275cdcfa0d0 Exception <a 'java/lang/ClassNotFoundException'{0x00000000b05a50c0}: EditorPane> (0x00000000b05a50c0) 
thrown [s\open\src\hotspot\share\classfile\systemDictionary.cpp, line 329]
Event: 0.160 Thread 0x00000275cdcfa0d0 Exception <a 'java/lang/ClassNotFoundException'{0x00000000b05a5a28}: ToolBar> (0x00000000b05a5a28) 
thrown [s\open\src\hotspot\share\classfile\systemDictionary.cpp, line 329]
Event: 0.160 Thread 0x00000275cdcfa0d0 Exception <a 'java/lang/ClassNotFoundException'{0x00000000b05a5f20}: ToolBar> (0x00000000b05a5f20) 
thrown [s\open\src\hotspot\share\classfile\systemDictionary.cpp, line 329]
Event: 0.160 Thread 0x00000275cdcfa0d0 Exception <a 'java/lang/ClassNotFoundException'{0x00000000b05a6280}: Button> (0x00000000b05a6280) 
thrown [s\open\src\hotspot\share\classfile\systemDictionary.cpp, line 329]
Event: 0.160 Thread 0x00000275cdcfa0d0 Exception <a 'java/lang/ClassNotFoundException'{0x00000000b05a6748}: ToolBar> (0x00000000b05a6748) 
thrown [s\open\src\hotspot\share\classfile\systemDictionary.cpp, line 329]
Event: 0.160 Thread 0x00000275cdcfa0d0 Exception <a 'java/lang/ClassNotFoundException'{0x00000000b05a6ab8}: ToggleButton> (0x00000000b05a6ab8) 
thrown [s\open\src\hotspot\share\classfile\systemDictionary.cpp, line 329]
Event: 0.160 Thread 0x00000275cdcfa0d0 Exception <a 'java/lang/ClassNotFoundException'{0x00000000b05a6ef8}: javax/swing/JToolBarSeparator> (0x00000000b05a6ef8) 
thrown [s\open\src\hotspot\share\classfile\systemDictionary.cpp, line 329]
Event: 0.160 Thread 0x00000275cdcfa0d0 Exception <a 'java/lang/ClassNotFoundException'{0x00000000b05a7208}: ToolBarSeparator> (0x00000000b05a7208) 
thrown [s\open\src\hotspot\share\classfile\systemDictionary.cpp, line 329]
Event: 0.160 Thread 0x00000275cdcfa0d0 Exception <a 'java/lang/ClassNotFoundException'{0x00000000b05a7728}: ToolTip> (0x00000000b05a7728) 
thrown [s\open\src\hotspot\share\classfile\systemDictionary.cpp, line 329]
Event: 0.160 Thread 0x00000275cdcfa0d0 Exception <a 'java/lang/ClassNotFoundException'{0x00000000b05a8080}: Tree> (0x00000000b05a8080) 
thrown [s\open\src\hotspot\share\classfile\systemDictionary.cpp, line 329]
Event: 0.160 Thread 0x00000275cdcfa0d0 Exception <a 'java/lang/ClassNotFoundException'{0x00000000b05a8578}: Tree> (0x00000000b05a8578) 
thrown [s\open\src\hotspot\share\classfile\systemDictionary.cpp, line 329]
Event: 0.160 Thread 0x00000275cdcfa0d0 Exception <a 'java/lang/ClassNotFoundException'{0x00000000b05a88e8}: javax/swing/JTreeCell> (0x00000000b05a88e8) 
thrown [s\open\src\hotspot\share\classfile\systemDictionary.cpp, line 329]
Event: 0.160 Thread 0x00000275cdcfa0d0 Exception <a 'java/lang/ClassNotFoundException'{0x00000000b05a8bf0}: TreeCell> (0x00000000b05a8bf0) 
thrown [s\open\src\hotspot\share\classfile\systemDictionary.cpp, line 329]
Event: 0.160 Thread 0x00000275cdcfa0d0 Exception <a 'java/lang/ClassNotFoundException'{0x00000000b05a9390}: RootPane> (0x00000000b05a9390) 
thrown [s\open\src\hotspot\share\classfile\systemDictionary.cpp, line 329]
Event: 0.161 Thread 0x00000275cdcfa0d0 Exception <a 'java/lang/ClassNotFoundException'{0x00000000b05ac158}: com/sun/swing/internal/plaf/metal/resources/spi/metalProvider> (0x00000000b05ac158) 
thrown [s\open\src\hotspot\share\classfile\systemDictionary.cpp, line 329]
Event: 0.161 Thread 0x00000275cdcfa0d0 Exception <a 'java/lang/ClassNotFoundException'{0x00000000b05b0150}: com/sun/swing/internal/plaf/basic/resources/spi/basicProvider> (0x00000000b05b0150) 
thrown [s\open\src\hotspot\share\classfile\systemDictionary.cpp, line 329]
Event: 0.183 Thread 0x00000275f03d7ba0 Exception <a 'java/lang/ClassNotFoundException'{0x00000000b0753058}: com/sun/swing/internal/plaf/synth/resources/spi/synthProvider> (0x00000000b0753058) 
thrown [s\open\src\hotspot\share\classfile\systemDictionary.cpp, line 329]
Event: 0.190 Thread 0x00000275f03d7ba0 Exception <a 'java/lang/NoSuchMethodError'{0x00000000b07a5870}: 'int java.lang.invoke.Invokers$Holder.invokeExact_MT(java.lang.Object, java.lang.Object)'> (0x00000000b07a5870) 
thrown [s\open\src\hotspot\share\interpreter\linkResolver.cpp, line 804]
Event: 0.199 Thread 0x00000275f03d7ba0 Exception <a 'java/lang/NoSuchMethodError'{0x00000000b07dd2a8}: 'void java.lang.invoke.DirectMethodHandle$Holder.invokeStaticInit(java.lang.Object)'> (0x00000000b07dd2a8) 
thrown [s\open\src\hotspot\share\interpreter\linkResolver.cpp, line 804]
Event: 0.205 Thread 0x00000275ebe6ad70 Exception <a 'java/lang/NoSuchMethodError'{0x00000000b060c3b8}: 'void java.lang.invoke.DirectMethodHandle$Holder.invokeVirtual(java.lang.Object, java.lang.Object)'> (0x00000000b060c3b8) 
thrown [s\open\src\hotspot\share\interpreter\linkResolver.cpp, line 804]

VM Operations (12 events):
Event: 0.048 Executing non-safepoint VM operation: HandshakeAllThreads (Deoptimize)
Event: 0.048 Executing non-safepoint VM operation: HandshakeAllThreads (Deoptimize) done
Event: 0.109 Executing safepoint VM operation: G1CollectForAllocation (G1 Evacuation Pause)
Event: 0.110 Executing safepoint VM operation: G1CollectForAllocation (G1 Evacuation Pause) done
Event: 0.125 Executing non-safepoint VM operation: HandshakeAllThreads (Deoptimize)
Event: 0.125 Executing non-safepoint VM operation: HandshakeAllThreads (Deoptimize) done
Event: 0.170 Executing safepoint VM operation: G1CollectForAllocation (G1 Evacuation Pause)
Event: 0.172 Executing safepoint VM operation: G1CollectForAllocation (G1 Evacuation Pause) done
Event: 0.195 Executing non-safepoint VM operation: HandshakeAllThreads (Deoptimize)
Event: 0.195 Executing non-safepoint VM operation: HandshakeAllThreads (Deoptimize) done
Event: 0.219 Executing non-safepoint VM operation: HandshakeAllThreads (Deoptimize)
Event: 0.219 Executing non-safepoint VM operation: HandshakeAllThreads (Deoptimize) done

Memory protections (0 events):
No events

Nmethod flushes (0 events):
No events

Events (17 events):
Event: 0.020 Thread 0x00000275cdcfa0d0 Thread added: 0x00000275cdcfa0d0
Event: 0.027 Thread 0x00000275cdcfa0d0 Thread added: 0x00000275cff9b550
Event: 0.027 Thread 0x00000275cdcfa0d0 Thread added: 0x00000275cff9c3a0
Event: 0.027 Thread 0x00000275cdcfa0d0 Thread added: 0x00000275eb89cf70
Event: 0.027 Thread 0x00000275cdcfa0d0 Thread added: 0x00000275eb89eb30
Event: 0.027 Thread 0x00000275cdcfa0d0 Thread added: 0x00000275eb8a9b90
Event: 0.027 Thread 0x00000275cdcfa0d0 Thread added: 0x00000275eb8ab680
Event: 0.028 Thread 0x00000275cdcfa0d0 Thread added: 0x00000275eb8b76c0
Event: 0.028 Thread 0x00000275cdcfa0d0 Thread added: 0x00000275eb8c4310
Event: 0.044 Thread 0x00000275cdcfa0d0 Thread added: 0x00000275eb987b60
Event: 0.052 Thread 0x00000275cdcfa0d0 Thread added: 0x00000275ebbf3050
Event: 0.084 Thread 0x00000275cdcfa0d0 Thread added: 0x00000275f0247cc0
Event: 0.085 Thread 0x00000275cdcfa0d0 Thread added: 0x00000275f0248470
Event: 0.085 Thread 0x00000275cdcfa0d0 Thread added: 0x00000275ebe6ad70
Event: 0.173 Thread 0x00000275cdcfa0d0 Thread added: 0x00000275f03d7ba0
Event: 0.173 Thread 0x00000275cdcfa0d0 Thread exited: 0x00000275cdcfa0d0
Event: 0.173 Thread 0x00000275cdcfa0d0 Thread added: 0x00000275cdcfa0d0


Dynamic libraries:
0x00007ff6c3ec0000 - 0x00007ff6c3ed0000 	C:\Program Files\Java\jdk-26.0.1\bin\java.exe
0x00007ffc89cd0000 - 0x00007ffc89ec8000 	C:\Windows\SYSTEM32\ntdll.dll
0x00007ffc89480000 - 0x00007ffc8953f000 	C:\Windows\System32\KERNEL32.DLL
0x00007ffc87530000 - 0x00007ffc87826000 	C:\Windows\System32\KERNELBASE.dll
0x00007ffc87400000 - 0x00007ffc87500000 	C:\Windows\System32\ucrtbase.dll
0x00007ffc5c5f0000 - 0x00007ffc5c607000 	C:\Program Files\Java\jdk-26.0.1\bin\jli.dll
0x00007ffc5c6a0000 - 0x00007ffc5c6be000 	C:\Program Files\Java\jdk-26.0.1\bin\VCRUNTIME140.dll
0x00007ffc87d60000 - 0x00007ffc87efd000 	C:\Windows\System32\USER32.dll
0x00007ffc87500000 - 0x00007ffc87522000 	C:\Windows\System32\win32u.dll
0x00007ffc89b50000 - 0x00007ffc89b7c000 	C:\Windows\System32\GDI32.dll
0x00007ffc87830000 - 0x00007ffc87945000 	C:\Windows\System32\gdi32full.dll
0x00007ffc87bd0000 - 0x00007ffc87c6d000 	C:\Windows\System32\msvcp_win.dll
0x00007ffc6fc20000 - 0x00007ffc6feba000 	C:\Windows\WinSxS\amd64_microsoft.windows.common-controls_6595b64144ccf1df_6.0.19041.1110_none_60b5254171f9507e\COMCTL32.dll
0x00007ffc88420000 - 0x00007ffc884be000 	C:\Windows\System32\msvcrt.dll
0x00007ffc87d30000 - 0x00007ffc87d60000 	C:\Windows\System32\IMM32.DLL
0x00007ffc5c690000 - 0x00007ffc5c69c000 	C:\Program Files\Java\jdk-26.0.1\bin\vcruntime140_1.dll
0x00007ffc5c300000 - 0x00007ffc5c38d000 	C:\Program Files\Java\jdk-26.0.1\bin\msvcp140.dll
0x00007ffc5c6c0000 - 0x00007ffc5d58e000 	C:\Program Files\Java\jdk-26.0.1\bin\server\jvm.dll
0x00007ffc88360000 - 0x00007ffc8840f000 	C:\Windows\System32\ADVAPI32.dll
0x00007ffc882c0000 - 0x00007ffc8835c000 	C:\Windows\System32\sechost.dll
0x00007ffc89330000 - 0x00007ffc89456000 	C:\Windows\System32\RPCRT4.dll
0x00007ffc89a70000 - 0x00007ffc89adb000 	C:\Windows\System32\WS2_32.dll
0x00007ffc87220000 - 0x00007ffc8726b000 	C:\Windows\SYSTEM32\POWRPROF.dll
0x00007ffc6e240000 - 0x00007ffc6e267000 	C:\Windows\SYSTEM32\WINMM.dll
0x00007ffc7d060000 - 0x00007ffc7d06a000 	C:\Windows\SYSTEM32\VERSION.dll
0x00007ffc87200000 - 0x00007ffc87212000 	C:\Windows\SYSTEM32\UMPDC.dll
0x00007ffc85290000 - 0x00007ffc852a2000 	C:\Windows\SYSTEM32\kernel.appcore.dll
0x00007ffc5c620000 - 0x00007ffc5c62a000 	C:\Program Files\Java\jdk-26.0.1\bin\jimage.dll
0x00007ffc792b0000 - 0x00007ffc79494000 	C:\Windows\SYSTEM32\DBGHELP.DLL
0x00007ffc790a0000 - 0x00007ffc790d4000 	C:\Windows\SYSTEM32\dbgcore.DLL
0x00007ffc87ca0000 - 0x00007ffc87d22000 	C:\Windows\System32\bcryptPrimitives.dll
0x00007ffc5c630000 - 0x00007ffc5c64f000 	C:\Program Files\Java\jdk-26.0.1\bin\java.dll
0x00007ffc89610000 - 0x00007ffc8973a000 	C:\Windows\System32\ole32.dll
0x00007ffc87f60000 - 0x00007ffc882b4000 	C:\Windows\System32\combase.dll
0x00007ffc884c0000 - 0x00007ffc88c04000 	C:\Windows\System32\SHELL32.dll
0x00007ffc85490000 - 0x00007ffc85c23000 	C:\Windows\SYSTEM32\windows.storage.dll
0x00007ffc86d30000 - 0x00007ffc86d5e000 	C:\Windows\SYSTEM32\Wldp.dll
0x00007ffc88d30000 - 0x00007ffc88ddd000 	C:\Windows\System32\SHCORE.dll
0x00007ffc89af0000 - 0x00007ffc89b45000 	C:\Windows\System32\shlwapi.dll
0x00007ffc872f0000 - 0x00007ffc8730f000 	C:\Windows\SYSTEM32\profapi.dll
0x00007ffc5c5b0000 - 0x00007ffc5c5c2000 	C:\Program Files\Java\jdk-26.0.1\bin\net.dll
0x00007ffc86a90000 - 0x00007ffc86afa000 	C:\Windows\system32\mswsock.dll
0x00007ffc5c590000 - 0x00007ffc5c5a6000 	C:\Program Files\Java\jdk-26.0.1\bin\nio.dll
0x00007ffc5c390000 - 0x00007ffc5c515000 	C:\Program Files\Java\jdk-26.0.1\bin\awt.dll
0x00007ffc89540000 - 0x00007ffc8960d000 	C:\Windows\System32\OLEAUT32.dll
0x00007ffc84bd0000 - 0x00007ffc84c61000 	C:\Windows\SYSTEM32\apphelp.dll
0x00007ffc84dc0000 - 0x00007ffc84e5e000 	C:\Windows\system32\uxtheme.dll
0x00007ffc89740000 - 0x00007ffc89854000 	C:\Windows\System32\MSCTF.dll
0x00007ffc84fd0000 - 0x00007ffc84fff000 	C:\Windows\system32\DWMAPI.DLL
0x00007ffc5c270000 - 0x00007ffc5c2fb000 	C:\Program Files\Java\jdk-26.0.1\bin\freetype.dll
0x00007ffc5c180000 - 0x00007ffc5c26f000 	C:\Program Files\Java\jdk-26.0.1\bin\fontmanager.dll
0x00007ffc5c050000 - 0x00007ffc5c175000 	C:\Windows\system32\opengl32.dll
0x00007ffc5c020000 - 0x00007ffc5c04c000 	C:\Windows\SYSTEM32\GLU32.dll
0x00007ffc827f0000 - 0x00007ffc8282b000 	C:\Windows\SYSTEM32\dxcore.dll
0x00007ffc873b0000 - 0x00007ffc873fe000 	C:\Windows\System32\cfgmgr32.dll
0x00007ffc7ec70000 - 0x00007ffc7ed6a000 	C:\Windows\SYSTEM32\textinputframework.dll
0x00007ffc849a0000 - 0x00007ffc84a92000 	C:\Windows\System32\CoreMessaging.dll
0x00007ffc84640000 - 0x00007ffc8499e000 	C:\Windows\System32\CoreUIComponents.dll
0x00007ffc86440000 - 0x00007ffc86473000 	C:\Windows\SYSTEM32\ntmarta.dll
0x00007ffc838d0000 - 0x00007ffc83a24000 	C:\Windows\SYSTEM32\wintypes.dll

JVMTI agents: none

dbghelp: loaded successfully - version: 4.0.5 - missing functions: none
symbol engine: initialized successfully - sym options: 0x614 - pdb path: .;C:\Program Files\Java\jdk-26.0.1\bin;C:\Windows\SYSTEM32;C:\Windows\WinSxS\amd64_microsoft.windows.common-controls_6595b64144ccf1df_6.0.19041.1110_none_60b5254171f9507e;C:\Program Files\Java\jdk-26.0.1\bin\server

VM Arguments:
jvm_args: -Dfile.encoding=UTF-8 --module-path=C:\Users\guebanget\Documents\NetBeansProjects\projectAkhir\build\classes 
java_command: projectakhir.pageLogin
java_class_path (initial): C:\Users\guebanget\Documents\NetBeansProjects\projectAkhir\build\classes
Launcher Type: SUN_STANDARD

[Global flags]
     bool AOTAdapterCaching                        = false                                  {diagnostic} {ergonomic}
     bool AOTInvokeDynamicLinking                  = false                                  {diagnostic} {ergonomic}
     bool AOTRecordTraining                        = false                                  {diagnostic} {ergonomic}
     bool AOTReplayTraining                        = false                                  {diagnostic} {ergonomic}
     bool AOTStubCaching                           = false                                  {diagnostic} {ergonomic}
     intx CICompilerCount                          = 2                                         {product} {ergonomic}
     uint ConcGCThreads                            = 1                                         {product} {ergonomic}
     uint G1ConcRefinementThreads                  = 3                                         {product} {ergonomic}
     uint G1EagerReclaimRemSetThreshold            = 10                                   {experimental} {ergonomic}
   size_t G1HeapRegionSize                         = 1048576                                   {product} {ergonomic}
     uint G1RemSetArrayOfCardsEntries              = 10                                   {experimental} {ergonomic}
     uint G1RemSetHowlMaxNumBuckets                = 8                                    {experimental} {ergonomic}
     uint G1RemSetHowlNumBuckets                   = 4                                    {experimental} {ergonomic}
   size_t InitialHeapSize                          = 8388608                                   {product} {ergonomic}
     bool IntelJccErratumMitigation                = false                             {ARCH diagnostic} {ergonomic}
   size_t MarkStackSize                            = 4194304                                   {product} {ergonomic}
   size_t MarkStackSizeMax                         = 536870912                                 {product} {ergonomic}
   size_t MaxHeapSize                              = 1342177280                                {product} {ergonomic}
   size_t MaxNewSize                               = 805306368                                 {product} {ergonomic}
 uint64_t MaxRAM                                   = 5363736576                                {product} {ergonomic}
   size_t MinHeapDeltaBytes                        = 1048576                                   {product} {ergonomic}
   size_t MinHeapSize                              = 8388608                                   {product} {ergonomic}
   size_t NonNMethodCodeHeapSize                   = 5832704                                {pd product} {ergonomic}
   size_t NonProfiledCodeHeapSize                  = 122945536                              {pd product} {ergonomic}
   size_t ProfiledCodeHeapSize                     = 122945536                              {pd product} {ergonomic}
   size_t ReservedCodeCacheSize                    = 251723776                              {pd product} {ergonomic}
     bool SegmentedCodeCache                       = true                                      {product} {ergonomic}
   size_t SoftMaxHeapSize                          = 1342177280                             {manageable} {ergonomic}
     bool UseCompressedOops                        = true                           {product lp64_product} {ergonomic}
     bool UseCondCardMark                          = true                                      {product} {ergonomic}
     bool UseFastUnorderedTimeStamps               = true                                 {experimental} {ergonomic}
     bool UseG1GC                                  = true                                      {product} {ergonomic}
     bool UseLargePagesIndividualAllocation        = false                                  {pd product} {ergonomic}
      int X86ICacheSync                            = 3                                 {ARCH diagnostic} {ergonomic}

Logging:
Log output configuration:
 #0: stdout all=warning uptime,level,tags foldmultilines=false
 #1: stderr all=off uptime,level,tags foldmultilines=false

Release file:
IMPLEMENTOR="Oracle Corporation" 
JAVA_RUNTIME_VERSION="26.0.1+8-34" 
JAVA_VERSION="26.0.1" 
JAVA_VERSION_DATE="2026-04-21" 
LIBC="default" 
MODULES="java.base java.compiler java.datatransfer java.xml java.prefs java.desktop java.instrument java.logging java.management java.security.sasl java.naming java.rmi java.management.rmi java.net.http java.scripting java.security.jgss java.transaction.xa java.sql java.sql.rowset java.xml.crypto java.se java.smartcardio jdk.accessibility jdk.internal.jvmstat jdk.attach jdk.charsets jdk.internal.opt jdk.zipfs jdk.compiler jdk.crypto.cryptoki jdk.crypto.ec jdk.crypto.mscapi jdk.dynalink jdk.internal.ed jdk.editpad jdk.internal.vm.ci jdk.graal.compiler jdk.graal.compiler.management jdk.hotspot.agent jdk.httpserver jdk.incubator.vector jdk.internal.le jdk.internal.md jdk.jartool jdk.javadoc jdk.jcmd jdk.management jdk.management.agent jdk.jconsole jdk.jdeps jdk.jdwp.agent jdk.jdi jdk.jfr jdk.jlink jdk.jpackage jdk.jshell jdk.jstatd jdk.localedata jdk.management.jfr jdk.naming.dns jdk.naming.rmi jdk.net jdk.nio.mapmode jdk.sctp jdk.security.auth jdk.security.jgss jdk.unsupported jdk.unsupported.desktop jdk.xml.dom" 
OS_ARCH="x86_64" 
OS_NAME="Windows" 
SOURCE=".:git:8fcde8268d22 open:git:fcc00fc4aee7" 

Environment Variables:
PATH=C:\Windows\system32;C:\Windows;C:\Windows\System32\Wbem;C:\Windows\System32\WindowsPowerShell\v1.0\;C:\Windows\System32\OpenSSH\;C:\Program Files\Java\jdk-26.0.1\bin;C:\Users\guebanget\AppData\Local\Microsoft\WindowsApps;;C:\Program Files\Apache NetBeans\bin\
USERNAME=guebanget
OS=Windows_NT
PROCESSOR_IDENTIFIER=Intel64 Family 6 Model 183 Stepping 1, GenuineIntel
TMP=C:\Users\GUEBAN~1\AppData\Local\Temp
TEMP=C:\Users\GUEBAN~1\AppData\Local\Temp




Compilation memory statistics disabled.

Periodic native trim disabled

---------------  S Y S T E M  ---------------

OS:
 Windows 10 , 64 bit Build 19041 (10.0.19041.2913)
OS uptime: 0 days 0:44 hours
KVM virtualization detected

CPU: total 3 (initial active 3) (3 cores per cpu, 1 threads per core) family 6 model 183 stepping 1 microcode 0x133, cx8, cmov, fxsr, mmx, 3dnowpref, sse, sse2, sse3, ssse3, sse4.1, sse4.2, popcnt, lzcnt, tsc, tscinvbit, avx, avx2, aes, erms, clmul, bmi1, bmi2, adx, sha, fma, vzeroupper, clflush, clflushopt, clwb, hv, serialize, rdtscp, rdpid, fsrm, gfni, f16c, pku, cet_ibt, cet_ss
Processor Information for the first 3 processors :
  Max Mhz: 2803, Current Mhz: 2803, Mhz Limit: 2803

Memory: 4k page, system-wide physical 5115M (2081M free)
TotalPageFile size 6651M (AvailPageFile size 3257M)
current process WorkingSet (physical memory assigned to process): 61M, peak: 66M
current process commit charge ("private bytes"): 90M, peak: 96M

vm_info: Java HotSpot(TM) 64-Bit Server VM (26.0.1+8-34) for windows-amd64 JRE (26.0.1+8-34), built on 2026-03-10T17:24:10Z with MS VC++ 17.13 (VS2022)

END.
